<?xml version="1.0" encoding="UTF-8"?>
<testsuite name="Scenario: Enter City Name into Flying from box" time="0.348" tests="1" errors="0" skipped="1" failures="0">
  <properties>
[...]
</properties>
  <testcase name="Given I’m on Expedia home page" classname="Scenario: Enter City Name into Flying from box" time="0.334"/>
  <testcase name="When I click on Flights button" classname="Scenario: Enter City Name into Flying from box" time="0"/>
  <testcase name="And I click in Flying from box" classname="Scenario: Enter City Name into Flying from box" time="0"/>
  <testcase name="And I type Paris" classname="Scenario: Enter City Name into Flying from box" time="0.013">
    <error message="The element reference of &lt;li class=&quot;results-item&quot;&gt; is stale; either the element is no longer attached to the DOM, it is not in the current frame context, or the document has been refreshed&#10;For documentation on this error, please visit: http://seleniumhq.org/exceptions/stale_element_reference.html&#10;Build info: version: &apos;3.4.0&apos;, revision: &apos;unknown&apos;, time: &apos;unknown&apos;&#10;System info: host: &apos;Igors-MacBook-Air.local&apos;, ip: &apos;2601:86:1:9f1d:0:0:0:1891&apos;, os.name: &apos;Mac OS X&apos;, os.arch: &apos;x86_64&apos;, os.version: &apos;10.13.2&apos;, java.version: &apos;1.8.0_151&apos;&#10;Driver info: org.openqa.selenium.firefox.FirefoxDriver&#10;Capabilities [{moz:profile=/var/folders/w3/r4wth4111318t5tkbldwxzxw0000gn/T/rust_mozprofile.tdQexxv4OAVi, rotatable=false, timeouts={implicit=0.0, pageLoad=300000.0, script=30000.0}, pageLoadStrategy=normal, moz:headless=false, platform=ANY, moz:accessibilityChecks=false, acceptInsecureCerts=false, browserVersion=58.0.2, platformVersion=17.3.0, moz:processID=14677.0, browserName=firefox, javascriptEnabled=true, platformName=darwin, moz:webdriverClick=true}]&#10;Session ID: 2016a403-9e96-5b45-826c-6b8a9b86d490" type="org.openqa.selenium.StaleElementReferenceException"><![CDATA[org.openqa.selenium.StaleElementReferenceException: The element reference of <li class="results-item"> is stale; either the element is no longer attached to the DOM, it is not in the current frame context, or the document has been refreshed
For documentation on this error, please visit: http://seleniumhq.org/exceptions/stale_element_reference.html
Build info: version: '3.4.0', revision: 'unknown', time: 'unknown'
System info: host: 'Igors-MacBook-Air.local', ip: '2601:86:1:9f1d:0:0:0:1891', os.name: 'Mac OS X', os.arch: 'x86_64', os.version: '10.13.2', java.version: '1.8.0_151'
Driver info: org.openqa.selenium.firefox.FirefoxDriver
Capabilities [{moz:profile=/var/folders/w3/r4wth4111318t5tkbldwxzxw0000gn/T/rust_mozprofile.tdQexxv4OAVi, rotatable=false, timeouts={implicit=0.0, pageLoad=300000.0, script=30000.0}, pageLoadStrategy=normal, moz:headless=false, platform=ANY, moz:accessibilityChecks=false, acceptInsecureCerts=false, browserVersion=58.0.2, platformVersion=17.3.0, moz:processID=14677.0, browserName=firefox, javascriptEnabled=true, platformName=darwin, moz:webdriverClick=true}]
Session ID: 2016a403-9e96-5b45-826c-6b8a9b86d490
	at sun.reflect.NativeConstructorAccessorImpl.newInstance0(Native Method)
	at sun.reflect.NativeConstructorAccessorImpl.newInstance(NativeConstructorAccessorImpl.java:62)
	at sun.reflect.DelegatingConstructorAccessorImpl.newInstance(DelegatingConstructorAccessorImpl.java:45)
	at java.lang.reflect.Constructor.newInstance(Constructor.java:423)
	at org.openqa.selenium.remote.http.W3CHttpResponseCodec.createException(W3CHttpResponseCodec.java:150)
	at org.openqa.selenium.remote.http.W3CHttpResponseCodec.decode(W3CHttpResponseCodec.java:115)
	at org.openqa.selenium.remote.http.W3CHttpResponseCodec.decode(W3CHttpResponseCodec.java:45)
	at org.openqa.selenium.remote.HttpCommandExecutor.execute(HttpCommandExecutor.java:164)
	at org.openqa.selenium.remote.service.DriverCommandExecutor.execute(DriverCommandExecutor.java:82)
	at org.openqa.selenium.remote.RemoteWebDriver.execute(RemoteWebDriver.java:637)
	at org.openqa.selenium.remote.RemoteWebElement.execute(RemoteWebElement.java:272)
	at org.openqa.selenium.remote.RemoteWebElement.getText(RemoteWebElement.java:156)
	at framework.ExpediaHomePage.testAutoComplete(ExpediaHomePage.java:31)
	at stepdefinition.ExpediaHomePageSD.enterTypeAhead(ExpediaHomePageSD.java:30)
	at ✽.And I type Paris(expediahomepage.feature:10)
]]></error>
  </testcase>
  <testcase name="Scenario: Enter City Name into Flying from box" classname="Scenario: Enter City Name into Flying from box" time="0.001">
    <error message="The element reference of &lt;li class=&quot;results-item&quot;&gt; is stale; either the element is no longer attached to the DOM, it is not in the current frame context, or the document has been refreshed&#10;For documentation on this error, please visit: http://seleniumhq.org/exceptions/stale_element_reference.html&#10;Build info: version: &apos;3.4.0&apos;, revision: &apos;unknown&apos;, time: &apos;unknown&apos;&#10;System info: host: &apos;Igors-MacBook-Air.local&apos;, ip: &apos;2601:86:1:9f1d:0:0:0:1891&apos;, os.name: &apos;Mac OS X&apos;, os.arch: &apos;x86_64&apos;, os.version: &apos;10.13.2&apos;, java.version: &apos;1.8.0_151&apos;&#10;Driver info: org.openqa.selenium.firefox.FirefoxDriver&#10;Capabilities [{moz:profile=/var/folders/w3/r4wth4111318t5tkbldwxzxw0000gn/T/rust_mozprofile.tdQexxv4OAVi, rotatable=false, timeouts={implicit=0.0, pageLoad=300000.0, script=30000.0}, pageLoadStrategy=normal, moz:headless=false, platform=ANY, moz:accessibilityChecks=false, acceptInsecureCerts=false, browserVersion=58.0.2, platformVersion=17.3.0, moz:processID=14677.0, browserName=firefox, javascriptEnabled=true, platformName=darwin, moz:webdriverClick=true}]&#10;Session ID: 2016a403-9e96-5b45-826c-6b8a9b86d490" type="org.openqa.selenium.StaleElementReferenceException"><![CDATA[org.openqa.selenium.StaleElementReferenceException: The element reference of <li class="results-item"> is stale; either the element is no longer attached to the DOM, it is not in the current frame context, or the document has been refreshed
For documentation on this error, please visit: http://seleniumhq.org/exceptions/stale_element_reference.html
Build info: version: '3.4.0', revision: 'unknown', time: 'unknown'
System info: host: 'Igors-MacBook-Air.local', ip: '2601:86:1:9f1d:0:0:0:1891', os.name: 'Mac OS X', os.arch: 'x86_64', os.version: '10.13.2', java.version: '1.8.0_151'
Driver info: org.openqa.selenium.firefox.FirefoxDriver
Capabilities [{moz:profile=/var/folders/w3/r4wth4111318t5tkbldwxzxw0000gn/T/rust_mozprofile.tdQexxv4OAVi, rotatable=false, timeouts={implicit=0.0, pageLoad=300000.0, script=30000.0}, pageLoadStrategy=normal, moz:headless=false, platform=ANY, moz:accessibilityChecks=false, acceptInsecureCerts=false, browserVersion=58.0.2, platformVersion=17.3.0, moz:processID=14677.0, browserName=firefox, javascriptEnabled=true, platformName=darwin, moz:webdriverClick=true}]
Session ID: 2016a403-9e96-5b45-826c-6b8a9b86d490
	at sun.reflect.NativeConstructorAccessorImpl.newInstance0(Native Method)
	at sun.reflect.NativeConstructorAccessorImpl.newInstance(NativeConstructorAccessorImpl.java:62)
	at sun.reflect.DelegatingConstructorAccessorImpl.newInstance(DelegatingConstructorAccessorImpl.java:45)
	at java.lang.reflect.Constructor.newInstance(Constructor.java:423)
	at org.openqa.selenium.remote.http.W3CHttpResponseCodec.createException(W3CHttpResponseCodec.java:150)
	at org.openqa.selenium.remote.http.W3CHttpResponseCodec.decode(W3CHttpResponseCodec.java:115)
	at org.openqa.selenium.remote.http.W3CHttpResponseCodec.decode(W3CHttpResponseCodec.java:45)
	at org.openqa.selenium.remote.HttpCommandExecutor.execute(HttpCommandExecutor.java:164)
	at org.openqa.selenium.remote.service.DriverCommandExecutor.execute(DriverCommandExecutor.java:82)
	at org.openqa.selenium.remote.RemoteWebDriver.execute(RemoteWebDriver.java:637)
	at org.openqa.selenium.remote.RemoteWebElement.execute(RemoteWebElement.java:272)
	at org.openqa.selenium.remote.RemoteWebElement.getText(RemoteWebElement.java:156)
	at framework.ExpediaHomePage.testAutoComplete(ExpediaHomePage.java:31)
	at stepdefinition.ExpediaHomePageSD.enterTypeAhead(ExpediaHomePageSD.java:30)
	at ✽.And I type Paris(expediahomepage.feature:10)
]]></error>
  </testcase>
  <testcase name="Scenario: Enter City Name into Flying from box" classname="Scenario: Enter City Name into Flying from box" time="0">
    <skipped/>
  </testcase>
  <testcase name="Then I see Paris, France (PAR-All Airports)" classname="Scenario: Enter City Name into Flying from box" time="0">
    <skipped/>
  </testcase>
</testsuite>